<?xml version="1.0" encoding="UTF-8"?>
<testng-results ignored="0" total="2" passed="1" failed="1" skipped="0">
  <reporter-output>
  </reporter-output>
  <suite started-at="2023-09-17T11:10:07 ICT" name="Suite Parallel Login Test" finished-at="2023-09-17T11:10:36 ICT" duration-ms="29357">
    <groups>
    </groups>
    <test started-at="2023-09-17T11:10:07 ICT" name="Regression Parallel EDGE" finished-at="2023-09-17T11:10:36 ICT" duration-ms="29357">
      <class name="BinhAT.testcases.LoginTest">
        <test-method is-config="true" signature="createDriver(java.lang.String)[pri:0, instance:BinhAT.testcases.LoginTest@f14e5bf]" started-at="2023-09-17T11:10:10 ICT" name="createDriver" finished-at="2023-09-17T11:10:15 ICT" duration-ms="5642" status="PASS">
          <params>
            <param index="0">
              <value>
                <![CDATA[chrome]]>
              </value>
            </param>
          </params>
          <reporter-output>
          </reporter-output>
        </test-method> <!-- createDriver -->
        <test-method is-config="true" signature="createDriver(java.lang.String)[pri:0, instance:BinhAT.testcases.LoginTest@f14e5bf]" started-at="2023-09-17T11:10:10 ICT" name="createDriver" finished-at="2023-09-17T11:10:15 ICT" duration-ms="5916" status="PASS">
          <params>
            <param index="0">
              <value>
                <![CDATA[chrome]]>
              </value>
            </param>
          </params>
          <reporter-output>
          </reporter-output>
        </test-method> <!-- createDriver -->
        <test-method signature="loginTestFromDataproviderExcelCustomRow(java.util.Hashtable)[pri:1, instance:BinhAT.testcases.LoginTest@f14e5bf]" started-at="2023-09-17T11:10:15 ICT" name="loginTestFromDataproviderExcelCustomRow" data-provider="data_provider_login_excel_custom_row" finished-at="2023-09-17T11:10:35 ICT" duration-ms="19090" status="PASS">
          <params>
            <param index="0">
              <value>
                <![CDATA[{EMAIL=admin@example.com, RESULT=, PASSWORD=123456}]]>
              </value>
            </param>
          </params>
          <reporter-output>
          </reporter-output>
        </test-method> <!-- loginTestFromDataproviderExcelCustomRow -->
        <test-method signature="loginTestFromDataproviderExcelCustomRow(java.util.Hashtable)[pri:1, instance:BinhAT.testcases.LoginTest@f14e5bf]" started-at="2023-09-17T11:10:15 ICT" name="loginTestFromDataproviderExcelCustomRow" data-provider="data_provider_login_excel_custom_row" finished-at="2023-09-17T11:10:25 ICT" duration-ms="9723" status="FAIL">
          <params>
            <param index="0">
              <value>
                <![CDATA[{EMAIL=admin123@example.com, RESULT=, PASSWORD=123456}]]>
              </value>
            </param>
          </params>
          <exception class="java.lang.AssertionError">
            <message>
              <![CDATA[Login không thành công expected [true] but found [false]]]>
            </message>
            <full-stacktrace>
              <![CDATA[java.lang.AssertionError: Login không thành công expected [true] but found [false]
at org.testng.Assert.fail(Assert.java:111)
at org.testng.Assert.failNotEquals(Assert.java:1578)
at org.testng.Assert.assertTrue(Assert.java:57)
at BinhAT.pages.LoginPage.login(LoginPage.java:60)
at BinhAT.testcases.LoginTest.loginTestFromDataproviderExcelCustomRow(LoginTest.java:72)
at java.base/jdk.internal.reflect.NativeMethodAccessorImpl.invoke0(Native Method)
at java.base/jdk.internal.reflect.NativeMethodAccessorImpl.invoke(NativeMethodAccessorImpl.java:64)
at java.base/jdk.internal.reflect.DelegatingMethodAccessorImpl.invoke(DelegatingMethodAccessorImpl.java:43)
at java.base/java.lang.reflect.Method.invoke(Method.java:564)
at org.testng.internal.invokers.MethodInvocationHelper.invokeMethod(MethodInvocationHelper.java:139)
at org.testng.internal.invokers.TestInvoker.invokeMethod(TestInvoker.java:664)
at org.testng.internal.invokers.TestInvoker.invokeTestMethod(TestInvoker.java:227)
at org.testng.internal.invokers.TestMethodWithDataProviderMethodWorker.call(TestMethodWithDataProviderMethodWorker.java:80)
at org.testng.internal.invokers.TestMethodWithDataProviderMethodWorker.call(TestMethodWithDataProviderMethodWorker.java:17)
at java.base/java.util.concurrent.FutureTask.run(FutureTask.java:264)
at java.base/java.util.concurrent.Executors$RunnableAdapter.call(Executors.java:515)
at java.base/java.util.concurrent.FutureTask.run(FutureTask.java:264)
at java.base/java.util.concurrent.ThreadPoolExecutor.runWorker(ThreadPoolExecutor.java:1130)
at java.base/java.util.concurrent.ThreadPoolExecutor$Worker.run(ThreadPoolExecutor.java:630)
at java.base/java.lang.Thread.run(Thread.java:832)
]]>
            </full-stacktrace>
          </exception> <!-- java.lang.AssertionError -->
          <reporter-output>
          </reporter-output>
        </test-method> <!-- loginTestFromDataproviderExcelCustomRow -->
        <test-method is-config="true" signature="closeDriver()[pri:0, instance:BinhAT.testcases.LoginTest@f14e5bf]" started-at="2023-09-17T11:10:28 ICT" name="closeDriver" finished-at="2023-09-17T11:10:31 ICT" duration-ms="3467" status="PASS">
          <reporter-output>
          </reporter-output>
        </test-method> <!-- closeDriver -->
        <test-method is-config="true" signature="closeDriver()[pri:0, instance:BinhAT.testcases.LoginTest@f14e5bf]" started-at="2023-09-17T11:10:35 ICT" name="closeDriver" finished-at="2023-09-17T11:10:36 ICT" duration-ms="1344" status="PASS">
          <reporter-output>
          </reporter-output>
        </test-method> <!-- closeDriver -->
      </class> <!-- BinhAT.testcases.LoginTest -->
    </test> <!-- Regression Parallel EDGE -->
  </suite> <!-- Suite Parallel Login Test -->
</testng-results>
